<?xml version="1.0" encoding="UTF-8"?>
<!-- Generated by org.testng.reporters.JUnitReportReporter -->
<testsuite hostname="DivyaRaja" failures="0" tests="1" name="testCases.Tc005_Checkout" time="26.413" errors="0" timestamp="2025-01-28T11:00:47 EST" skipped="0">
  <testcase classname="testCases.Tc005_Checkout" name="checkout" time="26.413"/>
</testsuite> <!-- testCases.Tc005_Checkout -->
