<?xml version="1.0" encoding="UTF-8"?>
<!-- Generated by org.testng.reporters.JUnitReportReporter -->
<testsuite hostname="DivyaRaja" failures="0" tests="1" name="testCases.Tc004_Shoppingcart" time="0.931" errors="0" timestamp="2025-01-24T14:34:52 EST" skipped="0">
  <testcase classname="testCases.Tc004_Shoppingcart" name="verifyAddToCart" time="0.931"/>
</testsuite> <!-- testCases.Tc004_Shoppingcart -->
