<?xml version="1.0" encoding="UTF-8"?>
<!-- Generated by org.testng.reporters.JUnitReportReporter -->
<testsuite hostname="DivyaRaja" failures="0" tests="2" name="testCases.TC002_LoginTest" time="6.574" errors="0" timestamp="2025-01-28T11:23:26 EST" skipped="0">
  <testcase classname="testCases.TC002_LoginTest" name="verify_login" time="2.837"/>
  <testcase classname="testCases.TC002_LoginTest" name="verify_login" time="3.737"/>
</testsuite> <!-- testCases.TC002_LoginTest -->
