<?xml version="1.0" encoding="UTF-8"?>
<!-- Generated by org.testng.reporters.JUnitReportReporter -->
<testsuite hostname="DivyaRaja" failures="0" tests="1" name="testCases.Tc005_Checkout" time="25.596" errors="0" timestamp="2025-01-31T13:07:24 EST" skipped="0">
  <testcase classname="testCases.Tc005_Checkout" name="checkout" time="25.596"/>
</testsuite> <!-- testCases.Tc005_Checkout -->
