<?xml version="1.0" encoding="UTF-8"?>
<!-- Generated by org.testng.reporters.JUnitReportReporter -->
<testsuite hostname="DivyaRaja" failures="0" tests="5" name="testCases.Tc003_LoginDDT" time="32.479" errors="0" timestamp="2025-01-22T13:09:58 EST" skipped="0">
  <testcase classname="testCases.Tc003_LoginDDT" name="verify_loginDDT" time="11.717"/>
  <testcase classname="testCases.Tc003_LoginDDT" name="verify_loginDDT" time="2.995"/>
  <testcase classname="testCases.Tc003_LoginDDT" name="verify_loginDDT" time="3.353"/>
  <testcase classname="testCases.Tc003_LoginDDT" name="verify_loginDDT" time="11.742"/>
  <testcase classname="testCases.Tc003_LoginDDT" name="verify_loginDDT" time="2.672"/>
</testsuite> <!-- testCases.Tc003_LoginDDT -->
